<?xml version="1.0" encoding="UTF-8"?>
<!-- Generated by org.testng.reporters.JUnitReportReporter -->
<testsuite hostname="DESKTOP-11MTSOP" failures="0" tests="5" name="com.PRACTICE.P2" time="-1661148544.000" errors="1" timestamp="2022-08-22T11:39:26 IST" skipped="4">
  <testcase classname="com.PRACTICE.P2" name="sample2" time="0.000">
    <skipped/>
  </testcase> <!-- sample2 -->
  <system-out/>
  <testcase classname="com.PRACTICE.P2" name="sample4" time="0.000">
    <skipped/>
  </testcase> <!-- sample4 -->
  <system-out/>
  <testcase classname="com.PRACTICE.P2" name="sample1" time="0.000">
    <skipped/>
  </testcase> <!-- sample1 -->
  <system-out/>
  <testcase classname="com.PRACTICE.P2" name="launchBrowser" time="-1661148544.000">
    <error message="
Parameter &#039;BROWSER&#039; is required by BeforeClass on method launchBrowser but has not been marked @Optional or defined
in C:\Users\info\eclipse-workspace\TY Eclipse\VTIGER_SDET38\practiceparallel.xml" type="org.testng.TestNGException">
      <![CDATA[org.testng.TestNGException: 
Parameter 'BROWSER' is required by BeforeClass on method launchBrowser but has not been marked @Optional or defined
in C:\Users\info\eclipse-workspace\TY Eclipse\VTIGER_SDET38\practiceparallel.xml
at org.testng.internal.Parameters.createParams(Parameters.java:270)
at org.testng.internal.Parameters.createParametersForMethod(Parameters.java:358)
at org.testng.internal.Parameters.createParameters(Parameters.java:700)
at org.testng.internal.Parameters.createConfigurationParameters(Parameters.java:168)
at org.testng.internal.ConfigInvoker.invokeConfigurations(ConfigInvoker.java:302)
at org.testng.internal.TestMethodWorker.invokeBeforeClassMethods(TestMethodWorker.java:176)
at org.testng.internal.TestMethodWorker.run(TestMethodWorker.java:122)
at java.base/java.util.ArrayList.forEach(ArrayList.java:1511)
at org.testng.TestRunner.privateRun(TestRunner.java:794)
at org.testng.TestRunner.run(TestRunner.java:596)
at org.testng.SuiteRunner.runTest(SuiteRunner.java:377)
at org.testng.SuiteRunner.access$000(SuiteRunner.java:28)
at org.testng.SuiteRunner$SuiteWorker.run(SuiteRunner.java:418)
at org.testng.internal.thread.ThreadUtil.lambda$execute$0(ThreadUtil.java:64)
at java.base/java.util.concurrent.FutureTask.run(FutureTask.java:264)
at java.base/java.util.concurrent.ThreadPoolExecutor.runWorker(ThreadPoolExecutor.java:1130)
at java.base/java.util.concurrent.ThreadPoolExecutor$Worker.run(ThreadPoolExecutor.java:630)
at java.base/java.lang.Thread.run(Thread.java:831)
]]>
    </error>
  </testcase> <!-- launchBrowser -->
  <system-out/>
  <testcase classname="com.PRACTICE.P2" name="sample3" time="0.000">
    <skipped/>
  </testcase> <!-- sample3 -->
  <system-out/>
</testsuite> <!-- com.PRACTICE.P2 -->
